SF:lib/src/presentation/bloc/search_movies_state.dart
DA:7,1
DA:8,1
DA:12,1
DA:13,1
DA:17,1
DA:18,1
DA:24,2
DA:26,1
DA:27,2
DA:33,2
DA:35,1
DA:36,2
LF:12
LH:12
end_of_record
SF:lib/src/presentation/bloc/search_movies_event.dart
DA:9,1
DA:11,1
DA:12,2
LF:3
LH:3
end_of_record
SF:lib/src/presentation/bloc/search_movies_bloc.dart
DA:15,3
DA:16,2
DA:19,1
DA:21,1
DA:22,2
DA:24,3
DA:26,1
DA:27,1
DA:28,3
DA:30,1
DA:31,1
DA:32,2
DA:33,2
DA:38,1
DA:40,2
LF:15
LH:15
end_of_record
SF:lib/src/presentation/bloc/search_tv_shows_state.dart
DA:7,1
DA:8,1
DA:12,1
DA:13,1
DA:17,1
DA:18,1
DA:24,2
DA:26,1
DA:27,2
DA:33,2
DA:35,1
DA:36,2
LF:12
LH:12
end_of_record
SF:lib/src/presentation/bloc/search_tv_shows_bloc.dart
DA:15,3
DA:16,2
DA:19,1
DA:21,1
DA:22,2
DA:24,3
DA:26,1
DA:27,1
DA:28,3
DA:30,1
DA:31,1
DA:32,2
DA:33,2
DA:38,1
DA:40,2
LF:15
LH:15
end_of_record
SF:lib/src/presentation/bloc/search_tv_shows_event.dart
DA:9,1
DA:11,1
DA:12,2
LF:3
LH:3
end_of_record
SF:lib/src/presentation/pages/search_page.dart
DA:15,1
DA:18,1
DA:23,1
DA:25,3
DA:27,1
DA:28,1
DA:29,3
DA:31,1
DA:33,1
DA:35,1
DA:36,1
DA:37,0
DA:38,0
DA:40,0
DA:41,0
DA:44,0
DA:45,0
DA:56,1
DA:58,1
DA:60,1
DA:67,1
DA:68,2
DA:69,1
DA:71,1
DA:72,1
DA:73,1
DA:79,1
DA:80,1
DA:81,1
DA:82,1
DA:83,2
DA:84,1
DA:85,1
DA:87,0
DA:92,1
DA:94,1
DA:95,1
DA:96,1
DA:102,1
DA:103,1
DA:104,1
DA:105,1
DA:106,2
DA:107,1
DA:108,1
DA:110,0
DA:117,1
DA:118,2
DA:120,1
DA:121,1
DA:123,1
DA:124,1
DA:125,1
DA:127,1
DA:130,1
DA:135,1
DA:136,2
DA:138,1
DA:139,1
DA:141,1
DA:142,1
DA:143,1
DA:145,1
DA:149,1
DA:154,2
DA:157,1
DA:158,1
DA:159,2
DA:160,1
LF:69
LH:61
end_of_record
