SF:lib/src/presentation/bloc/now_playing_tv_show/now_playing_tv_show_event.dart
DA:7,1
DA:8,1
LF:2
LH:2
end_of_record
SF:lib/src/presentation/bloc/now_playing_tv_show/now_playing_tv_show_state.dart
DA:7,1
DA:8,1
DA:12,1
DA:13,1
DA:19,2
DA:21,1
DA:22,2
DA:28,2
DA:30,1
DA:31,2
LF:10
LH:10
end_of_record
SF:lib/src/presentation/bloc/now_playing_tv_show/now_playing_tv_show_bloc.dart
DA:14,1
DA:16,2
DA:17,2
DA:20,1
DA:22,2
DA:24,3
DA:26,1
DA:27,1
DA:28,3
DA:30,1
DA:31,1
DA:32,2
DA:33,2
LF:13
LH:13
end_of_record
SF:lib/src/presentation/bloc/popular_tv_show/popular_tv_show_event.dart
DA:7,1
DA:8,1
LF:2
LH:2
end_of_record
SF:lib/src/presentation/bloc/popular_tv_show/popular_tv_show_state.dart
DA:7,1
DA:8,1
DA:12,1
DA:13,1
DA:19,3
DA:21,1
DA:22,2
DA:28,3
DA:30,1
DA:31,2
LF:10
LH:10
end_of_record
SF:lib/src/presentation/bloc/popular_tv_show/popular_tv_show_bloc.dart
DA:14,3
DA:15,2
DA:18,1
DA:22,2
DA:24,3
DA:26,1
DA:27,1
DA:28,3
DA:30,1
DA:31,1
DA:32,2
DA:33,2
LF:12
LH:12
end_of_record
SF:lib/src/presentation/bloc/top_rated_tv_show/top_rated_tv_show_bloc.dart
DA:14,1
DA:16,2
DA:17,2
DA:20,1
DA:24,2
DA:26,3
DA:28,1
DA:29,1
DA:30,3
DA:32,1
DA:33,1
DA:34,2
DA:35,2
LF:13
LH:13
end_of_record
SF:lib/src/presentation/bloc/top_rated_tv_show/top_rated_tv_show_event.dart
DA:7,1
DA:8,1
LF:2
LH:2
end_of_record
SF:lib/src/presentation/bloc/top_rated_tv_show/top_rated_tv_show_state.dart
DA:7,1
DA:8,1
DA:12,1
DA:13,1
DA:19,3
DA:21,1
DA:22,2
DA:28,3
DA:30,1
DA:31,2
LF:10
LH:10
end_of_record
SF:lib/src/presentation/bloc/tv_show_detail/tv_show_detail_state.dart
DA:7,1
DA:8,1
DA:12,1
DA:13,1
DA:19,1
DA:21,1
DA:22,2
DA:28,2
DA:30,1
DA:31,2
LF:10
LH:10
end_of_record
SF:lib/src/presentation/bloc/tv_show_detail/tv_show_detail_bloc.dart
DA:13,3
DA:14,2
DA:17,1
DA:21,1
DA:23,2
DA:25,3
DA:27,1
DA:28,1
DA:29,3
DA:31,1
DA:32,2
LF:11
LH:11
end_of_record
SF:lib/src/presentation/bloc/tv_show_detail/tv_show_detail_event.dart
DA:9,2
DA:11,1
DA:12,2
LF:3
LH:3
end_of_record
SF:lib/src/presentation/bloc/tv_show_recommendations/tv_show_recommendations_event.dart
DA:9,2
DA:11,1
DA:12,2
LF:3
LH:3
end_of_record
SF:lib/src/presentation/bloc/tv_show_recommendations/tv_show_recommendations_state.dart
DA:7,1
DA:8,1
DA:12,1
DA:13,1
DA:19,1
DA:21,1
DA:22,2
DA:28,2
DA:30,1
DA:31,2
LF:10
LH:10
end_of_record
SF:lib/src/presentation/bloc/tv_show_recommendations/tv_show_recommendations_bloc.dart
DA:14,1
DA:15,2
DA:16,2
DA:19,1
DA:23,1
DA:24,2
DA:26,3
DA:28,1
DA:29,1
DA:30,3
DA:32,1
DA:33,1
DA:34,2
DA:35,2
LF:14
LH:14
end_of_record
SF:lib/src/presentation/bloc/watchlist_tv_show/watchlist_tv_show_state.dart
DA:7,1
DA:8,1
DA:12,1
DA:13,1
DA:17,1
DA:18,1
DA:24,1
DA:26,1
DA:27,2
DA:33,3
DA:35,1
DA:36,2
DA:42,2
DA:44,1
DA:45,2
DA:51,1
DA:53,1
DA:54,2
LF:18
LH:18
end_of_record
SF:lib/src/presentation/bloc/watchlist_tv_show/watchlist_tv_show_bloc.dart
DA:24,1
DA:29,2
DA:30,2
DA:31,2
DA:32,2
DA:33,2
DA:36,1
DA:40,2
DA:42,3
DA:44,1
DA:45,1
DA:46,3
DA:48,1
DA:49,1
DA:50,2
DA:51,2
DA:56,1
DA:60,1
DA:62,3
DA:64,2
DA:67,1
DA:71,1
DA:73,3
DA:75,1
DA:76,1
DA:77,3
DA:79,1
DA:80,2
DA:85,1
DA:89,1
DA:91,3
DA:93,1
DA:94,1
DA:95,3
DA:97,1
DA:98,2
LF:36
LH:36
end_of_record
SF:lib/src/presentation/bloc/watchlist_tv_show/watchlist_tv_show_event.dart
DA:7,1
DA:8,1
DA:14,2
DA:16,1
DA:17,2
DA:23,1
DA:25,1
DA:26,2
DA:32,1
DA:34,1
DA:35,2
LF:11
LH:11
end_of_record
SF:lib/src/presentation/pages/top_rated_tv_show_page.dart
DA:10,1
DA:11,1
DA:15,1
DA:17,1
DA:18,2
DA:19,2
DA:20,2
DA:23,1
DA:25,1
DA:26,1
DA:30,1
DA:32,1
DA:34,1
DA:35,1
DA:39,1
DA:40,1
DA:41,1
DA:42,1
DA:43,1
DA:45,1
DA:51,1
DA:54,1
DA:56,2
LF:23
LH:23
end_of_record
SF:lib/src/presentation/pages/home_tv_show_page.dart
DA:14,1
DA:16,1
DA:17,1
DA:21,1
DA:23,1
DA:24,2
DA:25,4
DA:26,4
DA:27,4
DA:31,1
DA:33,1
DA:35,1
DA:36,1
DA:38,1
DA:39,1
DA:41,1
DA:43,1
DA:45,1
DA:46,1
DA:50,1
DA:51,1
DA:52,1
DA:64,1
DA:66,0
DA:67,0
DA:69,1
DA:71,1
DA:72,1
DA:76,1
DA:77,1
DA:78,1
DA:90,1
DA:92,0
DA:93,0
DA:95,1
DA:97,1
DA:98,1
DA:102,1
DA:103,1
DA:104,1
DA:126,1
DA:132,1
DA:134,1
DA:136,1
DA:138,1
DA:139,2
DA:140,1
DA:141,3
DA:146,2
LF:49
LH:45
end_of_record
SF:lib/src/presentation/pages/popular_tv_show_page.dart
DA:10,1
DA:12,1
DA:13,1
DA:17,1
DA:19,1
DA:20,1
DA:21,5
DA:24,1
DA:26,1
DA:27,1
DA:31,1
DA:33,1
DA:35,1
DA:36,1
DA:40,1
DA:41,1
DA:43,1
DA:44,1
DA:45,1
DA:47,1
DA:53,1
DA:56,1
DA:58,2
LF:23
LH:23
end_of_record
SF:lib/src/presentation/pages/tv_show_detail_page.dart
DA:28,1
DA:32,1
DA:33,1
DA:37,1
DA:39,1
DA:40,2
DA:41,6
DA:42,1
DA:43,1
DA:44,4
DA:45,6
DA:49,1
DA:51,1
DA:52,3
DA:53,2
DA:55,1
DA:56,1
DA:57,1
DA:59,1
DA:60,1
DA:64,1
DA:65,1
DA:66,1
DA:84,1
DA:90,1
DA:91,1
DA:95,1
DA:97,1
DA:98,4
DA:99,1
DA:100,1
DA:101,3
DA:102,1
DA:104,1
DA:105,0
DA:106,0
DA:108,0
DA:109,0
DA:112,0
DA:113,0
DA:115,0
DA:118,0
DA:119,0
DA:120,0
DA:122,0
DA:127,0
DA:128,0
DA:129,0
DA:131,0
DA:133,0
DA:134,0
DA:135,0
DA:140,0
DA:141,0
DA:142,0
DA:146,1
DA:148,1
DA:149,2
DA:158,1
DA:159,4
DA:161,1
DA:162,4
DA:163,0
DA:166,1
DA:167,1
DA:168,1
DA:169,4
DA:171,1
DA:177,5
DA:181,1
DA:182,5
DA:184,1
DA:185,5
DA:188,1
DA:190,1
DA:192,1
DA:193,7
DA:196,1
DA:198,1
DA:200,1
DA:202,1
DA:203,1
DA:207,1
DA:208,1
DA:210,1
DA:213,1
DA:215,1
DA:216,1
DA:217,1
DA:219,1
DA:220,0
DA:221,0
DA:224,0
DA:227,1
DA:231,1
DA:232,2
DA:233,1
DA:240,0
DA:247,1
DA:256,1
DA:258,1
DA:260,4
DA:261,1
DA:264,1
DA:266,1
DA:267,4
DA:269,1
DA:271,1
DA:275,1
DA:276,1
DA:277,1
DA:278,0
DA:290,1
DA:292,2
DA:293,1
DA:296,0
DA:299,1
DA:300,1
DA:301,1
DA:304,1
DA:307,1
DA:308,2
DA:309,2
DA:317,4
LF:124
LH:96
end_of_record
SF:lib/src/presentation/pages/watchlist_tv_show_page.dart
DA:16,1
DA:18,1
DA:19,1
DA:24,1
DA:26,1
DA:27,2
DA:28,4
DA:32,1
DA:34,1
DA:35,4
DA:38,0
DA:40,0
DA:43,1
DA:45,1
DA:47,1
DA:48,1
DA:49,1
DA:53,1
DA:54,1
DA:56,1
DA:57,1
DA:58,1
DA:60,1
DA:66,1
DA:68,1
DA:69,1
DA:70,2
DA:83,1
DA:85,2
DA:86,1
LF:30
LH:28
end_of_record
