SF:lib/presentation/bloc/search_movies_state.dart
DA:7,1
DA:8,1
DA:12,1
DA:13,1
DA:17,1
DA:18,1
DA:24,2
DA:26,1
DA:27,2
DA:33,2
DA:35,1
DA:36,2
LF:12
LH:12
end_of_record
SF:lib/presentation/bloc/search_movies_event.dart
DA:9,1
DA:11,1
DA:12,2
LF:3
LH:3
end_of_record
SF:lib/presentation/bloc/search_movies_bloc.dart
DA:15,3
DA:16,2
DA:19,1
DA:21,1
DA:22,2
DA:24,3
DA:26,1
DA:27,1
DA:28,3
DA:30,1
DA:31,1
DA:32,2
DA:33,2
DA:38,1
DA:40,2
LF:15
LH:15
end_of_record
SF:lib/presentation/bloc/search_tv_shows_state.dart
DA:7,1
DA:8,1
DA:12,1
DA:13,1
DA:17,1
DA:18,1
DA:24,2
DA:26,1
DA:27,2
DA:33,2
DA:35,1
DA:36,2
LF:12
LH:12
end_of_record
SF:lib/presentation/bloc/search_tv_shows_bloc.dart
DA:15,3
DA:16,2
DA:19,1
DA:21,1
DA:22,2
DA:24,3
DA:26,1
DA:27,1
DA:28,3
DA:30,1
DA:31,1
DA:32,2
DA:33,2
DA:38,1
DA:40,2
LF:15
LH:15
end_of_record
SF:lib/presentation/bloc/search_tv_shows_event.dart
DA:9,1
DA:11,1
DA:12,2
LF:3
LH:3
end_of_record
SF:lib/presentation/pages/search_page.dart
DA:14,1
DA:17,1
DA:22,1
DA:24,3
DA:26,1
DA:27,1
DA:28,3
DA:30,1
DA:32,1
DA:34,1
DA:35,1
DA:36,0
DA:37,0
DA:39,0
DA:40,0
DA:43,0
DA:44,0
DA:46,1
DA:48,1
DA:49,1
DA:53,1
DA:54,1
DA:56,1
DA:58,1
DA:65,1
DA:66,2
DA:67,1
DA:69,1
DA:70,1
DA:71,1
DA:72,1
DA:73,1
DA:74,1
DA:77,1
DA:78,1
DA:79,1
DA:80,1
DA:81,2
DA:82,1
DA:83,1
DA:85,0
DA:90,1
DA:92,1
DA:93,1
DA:94,1
DA:95,1
DA:96,1
DA:97,1
DA:100,1
DA:101,1
DA:102,1
DA:103,1
DA:104,2
DA:105,1
DA:106,1
DA:108,0
DA:115,1
DA:116,2
DA:118,1
DA:119,1
DA:121,1
DA:122,1
DA:123,1
DA:125,1
DA:128,1
DA:133,1
DA:134,2
DA:136,1
DA:137,1
DA:139,1
DA:140,1
DA:141,1
DA:143,1
DA:147,1
DA:152,2
DA:154,1
DA:155,1
DA:156,1
DA:157,2
DA:158,1
LF:80
LH:72
end_of_record
