SF:lib/common/exception.dart
DA:6,4
LF:1
LH:1
end_of_record
SF:lib/data/datasources/tv_show_local_data_source.dart
DA:15,1
DA:18,1
DA:19,3
DA:21,1
DA:26,1
DA:27,3
DA:29,1
DA:30,2
DA:32,1
DA:36,1
DA:38,3
DA:41,1
DA:42,1
DA:48,1
DA:50,3
DA:53,1
DA:54,1
LF:17
LH:17
end_of_record
SF:lib/data/models/genre_model.dart
DA:5,13
DA:13,6
DA:14,3
DA:15,3
DA:18,2
DA:19,1
DA:20,1
DA:23,11
DA:24,33
DA:27,3
DA:28,9
LF:11
LH:11
end_of_record
SF:lib/data/models/season_model.dart
DA:5,11
DA:23,4
DA:24,2
DA:25,2
DA:26,2
DA:27,2
DA:28,2
DA:29,2
DA:30,2
DA:33,2
DA:34,1
DA:35,1
DA:36,1
DA:37,1
DA:38,1
DA:39,1
DA:40,1
DA:42,20
DA:43,10
DA:44,10
DA:45,10
DA:46,10
DA:48,2
DA:49,2
DA:50,2
DA:51,2
DA:52,2
DA:53,2
DA:54,2
DA:55,2
DA:56,2
LF:31
LH:31
end_of_record
SF:lib/data/models/tv_show_detail_model.dart
DA:7,11
DA:51,2
DA:52,2
DA:53,2
DA:54,8
DA:55,2
DA:56,2
DA:57,4
DA:58,2
DA:61,2
DA:62,2
DA:63,2
DA:64,2
DA:65,2
DA:66,2
DA:67,2
DA:68,2
DA:69,4
DA:70,2
DA:71,2
DA:72,4
DA:73,2
DA:76,2
DA:77,2
DA:78,2
DA:79,4
DA:80,2
DA:83,2
DA:84,1
DA:85,1
DA:86,1
DA:87,3
DA:88,1
DA:89,1
DA:90,1
DA:91,1
DA:92,1
DA:93,1
DA:94,1
DA:95,1
DA:96,1
DA:97,1
DA:98,3
DA:99,1
DA:100,1
DA:101,1
DA:102,1
DA:103,1
DA:106,20
DA:107,10
DA:108,10
DA:109,10
DA:110,48
DA:111,10
DA:112,10
DA:113,10
DA:114,10
DA:115,10
DA:116,10
DA:117,48
DA:118,10
DA:119,10
DA:122,2
DA:123,2
DA:124,2
DA:125,2
DA:126,2
DA:127,2
DA:128,2
DA:129,2
DA:130,2
DA:131,2
DA:132,2
DA:133,2
DA:134,2
DA:135,2
DA:136,2
DA:137,2
DA:138,2
DA:139,2
DA:140,2
DA:141,2
DA:142,2
DA:143,2
LF:84
LH:84
end_of_record
SF:lib/data/models/tv_show_model.dart
DA:5,13
DA:34,4
DA:35,2
DA:36,2
DA:37,8
DA:38,2
DA:39,2
DA:40,8
DA:41,2
DA:42,2
DA:43,2
DA:44,4
DA:45,2
DA:46,4
DA:47,2
DA:49,2
DA:50,1
DA:51,1
DA:52,1
DA:53,1
DA:54,1
DA:55,1
DA:56,1
DA:57,1
DA:58,1
DA:59,1
DA:60,1
DA:61,1
DA:62,1
DA:65,22
DA:66,11
DA:67,11
DA:68,11
DA:69,11
DA:70,11
DA:71,11
DA:72,11
DA:73,11
DA:74,11
DA:75,11
DA:76,11
DA:77,11
DA:78,11
DA:81,2
DA:82,2
DA:83,2
DA:84,2
DA:85,2
DA:86,2
DA:87,2
DA:88,2
DA:89,2
DA:90,2
DA:91,2
DA:92,2
DA:93,2
DA:94,2
DA:95,2
LF:58
LH:58
end_of_record
SF:lib/data/models/tv_show_response.dart
DA:6,2
DA:8,4
DA:9,2
DA:10,2
DA:11,6
DA:12,6
DA:16,2
DA:17,1
DA:18,2
DA:19,2
DA:24,1
DA:25,2
LF:12
LH:12
end_of_record
SF:lib/data/models/tv_show_table.dart
DA:6,4
DA:18,8
DA:19,4
DA:20,4
DA:21,4
DA:22,4
DA:25,2
DA:26,1
DA:27,1
DA:28,1
DA:29,1
DA:32,4
DA:33,2
DA:34,2
DA:35,2
DA:36,2
DA:38,4
DA:39,2
DA:40,2
DA:41,2
DA:42,2
DA:45,2
DA:46,2
DA:47,2
DA:48,2
DA:49,2
DA:50,2
LF:27
LH:27
end_of_record
SF:lib/domain/entities/tv_show.dart
DA:4,11
DA:34,2
DA:41,2
DA:42,2
DA:43,2
DA:44,2
DA:45,2
DA:46,2
DA:47,2
DA:48,2
DA:49,2
DA:50,2
DA:51,2
DA:52,2
DA:53,2
DA:54,2
DA:55,2
LF:17
LH:17
end_of_record
SF:lib/common/failure.dart
DA:6,13
DA:8,2
DA:9,4
DA:13,22
DA:17,4
DA:21,12
DA:25,0
LF:7
LH:6
end_of_record
SF:lib/data/datasources/db/database_helper.dart
DA:9,0
DA:13,0
DA:17,0
DA:19,0
DA:27,0
DA:28,0
DA:29,0
DA:31,0
DA:35,0
DA:36,0
DA:43,0
DA:45,0
DA:52,0
DA:55,0
DA:56,0
DA:57,0
DA:60,0
DA:61,0
DA:62,0
DA:65,0
DA:66,0
DA:67,0
DA:70,0
DA:74,0
DA:75,0
DA:76,0
DA:79,0
DA:83,0
DA:84,0
DA:85,0
DA:88,0
DA:91,0
DA:92,0
DA:98,0
DA:99,0
DA:100,0
DA:103,0
DA:106,0
DA:107,0
DA:113,0
DA:114,0
DA:115,0
DA:120,0
DA:121,0
DA:123,0
LF:45
LH:0
end_of_record
SF:lib/data/datasources/movie_local_data_source.dart
DA:15,1
DA:18,1
DA:20,3
DA:23,2
DA:28,1
DA:30,3
DA:33,2
DA:38,1
DA:39,3
DA:41,1
DA:48,1
DA:49,3
DA:50,4
LF:13
LH:13
end_of_record
SF:lib/data/datasources/movie_remote_data_source.dart
DA:22,1
DA:25,1
DA:27,5
DA:29,2
DA:30,4
DA:32,1
DA:37,1
DA:39,5
DA:41,2
DA:42,3
DA:44,1
DA:49,1
DA:50,2
DA:51,3
DA:53,2
DA:54,4
DA:56,1
DA:61,1
DA:63,5
DA:65,2
DA:66,4
DA:68,1
DA:73,1
DA:75,5
DA:77,2
DA:78,4
DA:80,1
DA:85,1
DA:86,2
DA:87,3
DA:89,2
DA:90,4
DA:92,1
LF:33
LH:33
end_of_record
SF:lib/data/datasources/tv_show_remote_data_source.dart
DA:22,1
DA:25,1
DA:26,3
DA:27,2
DA:29,2
DA:30,1
DA:31,2
DA:32,1
DA:34,1
DA:39,1
DA:41,5
DA:42,2
DA:43,4
DA:45,1
DA:50,1
DA:52,5
DA:54,2
DA:55,4
DA:57,1
DA:62,1
DA:63,5
DA:64,2
DA:65,3
DA:67,1
DA:72,1
DA:73,2
DA:74,3
DA:75,2
DA:76,4
DA:78,1
DA:83,1
DA:84,2
DA:85,3
DA:86,2
DA:87,4
DA:89,1
LF:36
LH:36
end_of_record
SF:lib/data/models/movie_detail_model.dart
DA:6,3
DA:52,2
DA:53,2
DA:54,2
DA:55,2
DA:56,2
DA:57,2
DA:58,6
DA:59,2
DA:60,2
DA:61,2
DA:62,2
DA:63,2
DA:64,2
DA:65,4
DA:66,2
DA:67,2
DA:68,2
DA:69,2
DA:70,2
DA:71,2
DA:72,2
DA:73,2
DA:74,4
DA:75,2
DA:78,2
DA:79,1
DA:80,1
DA:81,1
DA:82,3
DA:83,1
DA:84,1
DA:85,1
DA:86,1
DA:87,1
DA:88,1
DA:89,1
DA:90,1
DA:91,1
DA:92,1
DA:93,1
DA:94,1
DA:95,1
DA:96,1
DA:97,1
DA:98,1
DA:99,1
DA:102,2
DA:103,2
DA:104,2
DA:105,2
DA:106,8
DA:107,2
DA:108,2
DA:109,2
DA:110,2
DA:111,2
DA:112,2
DA:113,2
DA:114,2
DA:115,2
DA:119,2
DA:120,2
DA:121,2
DA:122,2
DA:123,2
DA:124,2
DA:125,2
DA:126,2
DA:127,2
DA:128,2
DA:129,2
DA:130,2
DA:131,2
DA:132,2
DA:133,2
DA:134,2
DA:135,2
DA:136,2
DA:137,2
DA:138,2
DA:139,2
DA:140,2
DA:141,2
LF:84
LH:84
end_of_record
SF:lib/data/models/movie_model.dart
DA:5,4
DA:35,4
DA:36,2
DA:37,2
DA:38,8
DA:39,2
DA:40,2
DA:41,2
DA:42,4
DA:43,2
DA:44,2
DA:45,2
DA:46,2
DA:47,4
DA:48,2
DA:51,2
DA:52,1
DA:53,1
DA:54,4
DA:55,1
DA:56,1
DA:57,1
DA:58,1
DA:59,1
DA:60,1
DA:61,1
DA:62,1
DA:63,1
DA:64,1
DA:67,2
DA:68,2
DA:69,2
DA:70,2
DA:71,2
DA:72,2
DA:73,2
DA:74,2
DA:75,2
DA:76,2
DA:77,2
DA:78,2
DA:79,2
DA:80,2
DA:81,2
DA:85,2
DA:86,2
DA:87,2
DA:88,2
DA:89,2
DA:90,2
DA:91,2
DA:92,2
DA:93,2
DA:94,2
DA:95,2
DA:96,2
DA:97,2
DA:98,2
DA:99,2
LF:59
LH:59
end_of_record
SF:lib/data/models/movie_table.dart
DA:11,3
DA:18,2
DA:19,1
DA:20,1
DA:21,1
DA:22,1
DA:25,2
DA:26,1
DA:27,1
DA:28,1
DA:29,1
DA:32,2
DA:33,1
DA:34,1
DA:35,1
DA:36,1
DA:39,2
DA:40,1
DA:41,1
DA:42,1
DA:43,1
DA:46,2
DA:47,10
LF:23
LH:23
end_of_record
SF:lib/domain/entities/movie.dart
DA:4,9
DA:20,2
DA:41,2
DA:42,2
DA:43,2
DA:44,2
DA:45,2
DA:46,2
DA:47,2
DA:48,2
DA:49,2
DA:50,2
DA:51,2
DA:52,2
DA:53,2
DA:54,2
DA:55,2
LF:17
LH:17
end_of_record
SF:lib/domain/entities/movie_detail.dart
DA:5,7
DA:33,2
DA:34,2
DA:35,2
DA:36,2
DA:37,2
DA:38,2
DA:39,2
DA:40,2
DA:41,2
DA:42,2
DA:43,2
DA:44,2
DA:45,2
LF:14
LH:14
end_of_record
SF:lib/domain/entities/tv_show_detail.dart
DA:6,10
DA:36,2
DA:37,2
DA:38,2
DA:39,2
DA:40,2
DA:41,2
DA:42,2
DA:43,2
DA:44,2
DA:45,2
DA:46,2
DA:47,2
DA:48,2
DA:49,2
DA:50,2
LF:16
LH:16
end_of_record
SF:lib/common/constants.dart
DA:26,4
DA:27,2
DA:28,18
DA:30,0
DA:32,6
DA:36,0
LF:6
LH:4
end_of_record
SF:lib/data/models/movie_response.dart
DA:7,2
DA:9,4
DA:10,4
DA:11,6
DA:12,6
DA:15,2
DA:16,5
DA:19,1
DA:20,2
LF:9
LH:9
end_of_record
SF:lib/domain/entities/genre.dart
DA:4,16
DA:12,3
DA:13,9
LF:3
LH:3
end_of_record
SF:lib/domain/entities/season.dart
DA:4,10
DA:16,2
DA:17,2
DA:18,2
DA:19,2
DA:20,2
DA:21,2
LF:7
LH:7
end_of_record
SF:lib/presentation/pages/about_page.dart
DA:7,1
DA:9,1
DA:10,1
DA:11,1
DA:12,1
DA:13,1
DA:14,1
DA:15,1
DA:17,1
DA:18,1
DA:25,1
DA:26,1
DA:29,1
DA:31,1
DA:38,1
DA:39,1
DA:40,0
DA:41,1
LF:18
LH:17
end_of_record
SF:lib/data/repositories/movie_repository_impl.dart
DA:17,1
DA:23,1
DA:25,3
DA:26,5
DA:27,1
DA:28,2
DA:29,1
DA:30,2
DA:35,1
DA:37,3
DA:38,2
DA:39,1
DA:40,2
DA:41,1
DA:42,2
DA:47,1
DA:49,3
DA:50,3
DA:51,1
DA:52,2
DA:53,1
DA:54,2
DA:59,1
DA:61,3
DA:62,5
DA:63,1
DA:64,2
DA:65,1
DA:66,2
DA:71,1
DA:73,3
DA:74,5
DA:75,1
DA:76,2
DA:77,1
DA:78,2
DA:83,1
DA:85,3
DA:86,5
DA:87,1
DA:88,2
DA:89,1
DA:90,2
DA:95,1
DA:98,4
DA:99,1
DA:100,1
DA:101,3
DA:108,1
DA:111,4
DA:112,1
DA:113,1
DA:114,3
DA:119,1
DA:120,3
DA:125,1
DA:126,3
DA:127,5
LF:58
LH:58
end_of_record
SF:lib/data/repositories/tv_show_repository_impl.dart
DA:17,1
DA:22,1
DA:24,3
DA:25,5
DA:26,1
DA:27,2
DA:28,1
DA:29,2
DA:34,1
DA:36,3
DA:37,5
DA:38,1
DA:39,2
DA:40,1
DA:41,2
DA:46,1
DA:48,3
DA:49,5
DA:50,1
DA:51,2
DA:52,1
DA:53,2
DA:58,1
DA:60,3
DA:61,2
DA:62,1
DA:63,2
DA:64,1
DA:65,2
DA:70,1
DA:72,3
DA:73,5
DA:74,1
DA:75,2
DA:76,1
DA:77,2
DA:82,1
DA:83,3
DA:85,5
DA:89,1
DA:90,3
DA:95,1
DA:98,4
DA:99,1
DA:100,1
DA:101,3
DA:106,1
DA:109,4
DA:110,1
DA:111,1
DA:112,3
DA:117,1
DA:119,3
DA:120,5
DA:121,1
DA:122,1
DA:123,1
DA:125,1
DA:126,1
DA:127,1
LF:60
LH:60
end_of_record
SF:lib/domain/usecases/movie/get_top_rated_movies.dart
DA:9,1
DA:11,1
DA:12,2
LF:3
LH:3
end_of_record
SF:lib/domain/usecases/movie/save_watchlist.dart
DA:9,1
DA:11,1
DA:12,2
LF:3
LH:3
end_of_record
SF:lib/domain/usecases/movie/get_movie_detail.dart
DA:9,1
DA:11,1
DA:12,2
LF:3
LH:3
end_of_record
SF:lib/domain/usecases/movie/get_movie_recommendations.dart
DA:9,1
DA:11,1
DA:12,2
LF:3
LH:3
end_of_record
SF:lib/domain/usecases/movie/get_watchlist_movies.dart
DA:9,1
DA:11,1
DA:12,2
LF:3
LH:3
end_of_record
SF:lib/domain/usecases/movie/get_now_playing_movies.dart
DA:9,1
DA:11,1
DA:12,2
LF:3
LH:3
end_of_record
SF:lib/domain/usecases/movie/remove_watchlist.dart
DA:9,1
DA:11,1
DA:12,2
LF:3
LH:3
end_of_record
SF:lib/domain/usecases/movie/get_popular_movies.dart
DA:9,1
DA:11,1
DA:12,2
LF:3
LH:3
end_of_record
SF:lib/domain/usecases/movie/search_movies.dart
DA:9,1
DA:11,1
DA:12,2
LF:3
LH:3
end_of_record
SF:lib/domain/usecases/movie/get_watchlist_status.dart
DA:6,1
DA:8,1
DA:9,2
LF:3
LH:3
end_of_record
SF:lib/domain/usecases/tvshow/search_tv_show.dart
DA:9,1
DA:11,1
DA:12,2
LF:3
LH:3
end_of_record
SF:lib/domain/usecases/tvshow/remove_tv_show_watchlist.dart
DA:8,1
DA:10,1
DA:11,2
LF:3
LH:3
end_of_record
SF:lib/domain/usecases/tvshow/get_tv_show_recommendations.dart
DA:8,1
DA:10,1
DA:11,2
LF:3
LH:3
end_of_record
SF:lib/domain/usecases/tvshow/get_top_rated_tv_show.dart
DA:8,1
DA:10,1
DA:11,2
LF:3
LH:3
end_of_record
SF:lib/domain/usecases/tvshow/save_tv_show_watchlist.dart
DA:11,1
DA:13,1
DA:14,2
LF:3
LH:3
end_of_record
SF:lib/domain/usecases/tvshow/get_tv_show_detail.dart
DA:8,1
DA:10,1
DA:11,2
LF:3
LH:3
end_of_record
SF:lib/domain/usecases/tvshow/get_now_playing_tv_show.dart
DA:8,1
DA:10,1
DA:11,2
LF:3
LH:3
end_of_record
SF:lib/common/state_enum.dart
DA:1,21
LF:1
LH:1
end_of_record
SF:lib/presentation/provider/movie/movie_detail_notifier.dart
DA:22,1
DA:31,2
DA:34,2
DA:37,2
DA:40,2
DA:43,2
DA:46,2
DA:48,1
DA:49,1
DA:50,1
DA:51,3
DA:52,3
DA:53,1
DA:54,1
DA:55,1
DA:56,2
DA:57,1
DA:59,1
DA:60,1
DA:61,1
DA:62,1
DA:63,1
DA:64,1
DA:65,1
DA:66,2
DA:68,1
DA:69,1
DA:70,1
DA:73,1
DA:74,1
DA:80,2
DA:82,1
DA:83,3
DA:85,2
DA:86,1
DA:87,2
DA:89,1
DA:90,1
DA:94,3
DA:97,1
DA:98,3
DA:100,2
DA:101,0
DA:102,0
DA:104,1
DA:105,1
DA:109,3
DA:112,1
DA:113,3
DA:114,1
DA:115,1
LF:51
LH:49
end_of_record
SF:lib/domain/usecases/tvshow/get_popular_tv_show.dart
DA:8,1
DA:10,1
DA:11,2
LF:3
LH:3
end_of_record
SF:lib/presentation/provider/tvshow/tv_show_list_notifier.dart
DA:10,2
DA:13,2
DA:16,2
DA:19,2
DA:22,2
DA:25,2
DA:28,2
DA:30,1
DA:40,1
DA:41,1
DA:42,1
DA:44,3
DA:46,1
DA:47,1
DA:48,1
DA:49,2
DA:50,1
DA:52,1
DA:53,1
DA:54,1
DA:55,1
DA:60,1
DA:61,1
DA:62,1
DA:64,3
DA:66,1
DA:67,1
DA:68,1
DA:69,2
DA:70,1
DA:72,1
DA:73,1
DA:74,1
DA:75,1
DA:80,1
DA:81,1
DA:82,1
DA:84,3
DA:86,1
DA:87,1
DA:88,1
DA:89,2
DA:90,1
DA:92,1
DA:93,1
DA:94,1
DA:95,1
LF:47
LH:47
end_of_record
SF:lib/domain/usecases/tvshow/get_watchlist_tv_show.dart
DA:10,1
DA:12,1
DA:13,2
LF:3
LH:3
end_of_record
SF:lib/domain/usecases/tvshow/get_watchlist_tv_show_status.dart
DA:5,1
DA:7,1
DA:8,2
LF:3
LH:3
end_of_record
SF:lib/presentation/provider/movie/watchlist_movie_notifier.dart
DA:8,2
DA:11,2
DA:14,2
DA:16,1
DA:20,1
DA:21,1
DA:22,1
DA:24,3
DA:25,1
DA:26,1
DA:27,1
DA:28,2
DA:29,1
DA:31,1
DA:32,1
DA:33,1
DA:34,1
LF:17
LH:17
end_of_record
SF:lib/presentation/provider/movie/popular_movies_notifier.dart
DA:9,1
DA:12,2
DA:15,2
DA:18,2
DA:20,1
DA:21,1
DA:22,1
DA:24,3
DA:26,1
DA:27,1
DA:28,2
DA:29,1
DA:30,1
DA:32,1
DA:33,1
DA:34,1
DA:35,1
LF:17
LH:17
end_of_record
SF:lib/presentation/provider/movie/movie_list_notifier.dart
DA:10,2
DA:13,2
DA:16,2
DA:19,2
DA:22,2
DA:25,2
DA:28,2
DA:30,1
DA:40,1
DA:41,1
DA:42,1
DA:44,3
DA:45,1
DA:46,1
DA:47,1
DA:48,2
DA:49,1
DA:51,1
DA:52,1
DA:53,1
DA:54,1
DA:59,1
DA:60,1
DA:61,1
DA:63,3
DA:64,1
DA:65,1
DA:66,1
DA:67,2
DA:68,1
DA:70,1
DA:71,1
DA:72,1
DA:73,1
DA:78,1
DA:79,1
DA:80,1
DA:82,3
DA:83,1
DA:84,1
DA:85,1
DA:86,2
DA:87,1
DA:89,1
DA:90,1
DA:91,1
DA:92,1
LF:47
LH:47
end_of_record
SF:lib/presentation/provider/movie/top_rated_movies_notifier.dart
DA:9,1
DA:12,2
DA:15,2
DA:18,2
DA:20,1
DA:21,1
DA:22,1
DA:24,3
DA:26,1
DA:27,1
DA:28,2
DA:29,1
DA:30,1
DA:32,1
DA:33,1
DA:34,1
DA:35,1
LF:17
LH:17
end_of_record
SF:lib/presentation/provider/tvshow/top_rated_tv_show_notifier.dart
DA:9,1
DA:15,2
DA:16,2
DA:17,2
DA:19,1
DA:20,1
DA:21,1
DA:23,3
DA:25,1
DA:26,1
DA:27,2
DA:28,1
DA:29,1
DA:31,1
DA:32,1
DA:33,1
DA:34,1
LF:17
LH:17
end_of_record
SF:lib/presentation/provider/tvshow/tv_show_detail_notifier.dart
DA:18,1
DA:27,2
DA:30,2
DA:33,2
DA:36,2
DA:39,2
DA:42,2
DA:44,1
DA:45,1
DA:46,1
DA:48,3
DA:49,3
DA:51,1
DA:52,1
DA:53,1
DA:54,2
DA:55,1
DA:57,1
DA:58,1
DA:59,1
DA:60,1
DA:62,1
DA:63,1
DA:64,1
DA:65,2
DA:66,1
DA:68,1
DA:69,1
DA:70,1
DA:71,1
DA:74,1
DA:75,1
DA:81,2
DA:83,1
DA:84,3
DA:86,2
DA:87,1
DA:88,2
DA:90,1
DA:91,1
DA:95,3
DA:98,1
DA:99,3
DA:101,2
DA:102,0
DA:103,0
DA:105,1
DA:106,1
DA:110,3
DA:113,1
DA:114,3
DA:115,1
DA:116,1
LF:53
LH:51
end_of_record
SF:lib/presentation/provider/tvshow/popular_tv_show_notifier.dart
DA:9,1
DA:15,2
DA:16,2
DA:17,2
DA:19,1
DA:20,1
DA:21,1
DA:23,3
DA:25,1
DA:26,1
DA:27,2
DA:28,1
DA:29,1
DA:31,1
DA:32,1
DA:33,1
DA:34,1
LF:17
LH:17
end_of_record
SF:lib/presentation/provider/tvshow/watchlist_tv_show_notifier.dart
DA:9,1
DA:15,2
DA:16,2
DA:17,2
DA:19,1
DA:20,1
DA:21,1
DA:23,3
DA:24,1
DA:25,1
DA:26,2
DA:27,1
DA:28,1
DA:30,1
DA:31,1
DA:32,1
DA:33,1
LF:17
LH:17
end_of_record
SF:lib/presentation/provider/search_notifier.dart
DA:12,1
DA:22,2
DA:23,2
DA:24,2
DA:25,2
DA:27,0
DA:28,0
DA:29,0
DA:30,0
DA:31,0
DA:34,1
DA:35,1
DA:36,1
DA:38,3
DA:39,1
DA:40,1
DA:41,2
DA:42,1
DA:43,1
DA:45,1
DA:46,1
DA:47,1
DA:48,1
DA:53,1
DA:54,1
DA:55,1
DA:57,3
DA:58,1
DA:59,1
DA:60,2
DA:61,1
DA:62,1
DA:64,1
DA:65,1
DA:66,1
DA:67,1
LF:36
LH:31
end_of_record
SF:lib/presentation/pages/movie/top_rated_movies_page.dart
DA:13,1
DA:14,1
DA:18,1
DA:20,1
DA:21,2
DA:22,2
DA:23,1
DA:26,1
DA:28,1
DA:29,1
DA:31,1
DA:33,1
DA:35,1
DA:36,1
DA:37,2
DA:38,1
DA:39,1
DA:41,2
DA:42,1
DA:43,0
DA:44,0
DA:45,0
DA:51,2
DA:54,1
DA:55,1
DA:56,2
LF:26
LH:23
end_of_record
SF:lib/common/item_enum.dart
DA:1,8
LF:1
LH:1
end_of_record
SF:lib/common/utils.dart
DA:4,0
DA:6,2
DA:8,4
DA:9,6
DA:12,2
DA:16,6
DA:19,0
DA:20,0
DA:22,1
DA:23,1
DA:24,1
DA:26,1
DA:27,1
DA:29,0
LF:14
LH:10
end_of_record
SF:lib/presentation/pages/movie/movie_detail_page.dart
DA:17,1
DA:19,1
DA:20,1
DA:24,1
DA:26,1
DA:27,2
DA:28,2
DA:29,3
DA:30,2
DA:31,3
DA:35,1
DA:37,1
DA:38,1
DA:39,1
DA:40,1
DA:41,2
DA:42,0
DA:43,0
DA:45,2
DA:46,1
DA:47,1
DA:49,0
DA:62,1
DA:64,1
DA:66,3
DA:67,1
DA:68,3
DA:69,1
DA:70,1
DA:71,2
DA:72,1
DA:74,1
DA:75,1
DA:76,2
DA:77,4
DA:79,0
DA:82,2
DA:84,2
DA:85,1
DA:86,3
DA:88,1
DA:90,1
DA:91,1
DA:92,1
DA:97,1
DA:99,1
DA:100,4
DA:101,1
DA:102,1
DA:103,1
DA:107,1
DA:108,3
DA:110,1
DA:111,3
DA:113,1
DA:114,1
DA:115,1
DA:116,3
DA:118,2
DA:124,4
DA:127,1
DA:128,1
DA:130,1
DA:132,1
DA:133,5
DA:135,1
DA:136,1
DA:138,1
DA:140,3
DA:141,0
DA:142,0
DA:144,0
DA:146,0
DA:147,0
DA:148,0
DA:150,0
DA:151,0
DA:152,0
DA:155,0
DA:158,0
DA:159,0
DA:160,0
DA:162,0
DA:164,0
DA:165,0
DA:166,0
DA:168,0
DA:169,0
DA:172,0
DA:173,0
DA:179,0
DA:182,1
DA:183,1
LF:93
LH:67
end_of_record
SF:lib/presentation/widgets/scrollable_sheet.dart
DA:6,2
DA:10,2
DA:15,2
DA:17,6
DA:19,2
DA:20,2
DA:21,2
DA:22,2
DA:24,4
DA:25,2
DA:27,0
DA:29,2
DA:31,2
DA:32,2
DA:33,2
DA:34,2
DA:36,4
DA:43,2
DA:44,2
DA:45,2
DA:47,2
DA:53,2
DA:55,2
DA:57,2
DA:59,2
DA:72,2
DA:74,2
DA:77,2
DA:78,2
DA:79,0
DA:80,0
LF:31
LH:28
end_of_record
SF:lib/presentation/widgets/card_list.dart
DA:15,4
DA:22,4
DA:24,4
DA:26,4
DA:28,4
DA:29,0
DA:30,0
DA:32,0
DA:33,0
DA:36,4
DA:38,4
DA:39,4
DA:40,4
DA:46,4
DA:48,4
DA:49,4
DA:50,4
DA:53,4
DA:55,4
DA:56,4
DA:57,4
DA:65,4
DA:70,4
DA:71,4
DA:72,8
DA:74,8
DA:76,4
DA:77,4
DA:78,4
DA:81,0
DA:83,8
DA:93,0
DA:94,0
DA:96,4
DA:97,16
DA:99,12
DA:100,2
DA:101,6
DA:103,4
DA:104,16
LF:40
LH:33
end_of_record
SF:lib/presentation/pages/movie/watchlist_movies_page.dart
DA:12,1
DA:13,1
DA:17,1
DA:19,1
DA:20,2
DA:21,2
DA:22,1
DA:25,1
DA:27,1
DA:29,1
DA:30,1
DA:31,2
DA:32,1
DA:33,1
DA:35,2
DA:36,2
DA:37,1
DA:38,1
DA:40,1
DA:43,1
DA:44,1
DA:45,2
DA:46,1
DA:52,2
DA:55,0
DA:56,0
DA:57,0
LF:27
LH:24
end_of_record
SF:lib/presentation/pages/movie/popular_movies_page.dart
DA:12,1
DA:13,1
DA:17,1
DA:19,1
DA:20,2
DA:21,2
DA:22,1
DA:25,1
DA:27,1
DA:28,1
DA:30,1
DA:32,1
DA:34,1
DA:35,1
DA:36,2
DA:37,1
DA:38,1
DA:40,2
DA:41,1
DA:42,0
DA:43,0
DA:44,0
DA:50,2
DA:53,1
DA:54,1
DA:55,2
LF:26
LH:23
end_of_record
SF:lib/presentation/pages/tvshow/top_rated_tv_show_page.dart
DA:12,1
DA:13,1
DA:17,1
DA:19,1
DA:20,2
DA:21,2
DA:22,1
DA:25,1
DA:27,1
DA:28,1
DA:30,1
DA:32,1
DA:34,1
DA:35,1
DA:36,2
DA:37,1
DA:38,1
DA:40,2
DA:41,1
DA:42,1
DA:43,2
DA:45,1
DA:51,2
DA:54,1
DA:55,1
DA:56,2
LF:26
LH:26
end_of_record
SF:lib/presentation/pages/tvshow/tv_show_detail_page.dart
DA:15,2
DA:19,1
DA:20,1
DA:24,1
DA:26,1
DA:27,2
DA:28,2
DA:29,3
DA:30,2
DA:31,3
DA:35,1
DA:37,1
DA:38,1
DA:39,1
DA:40,1
DA:41,2
DA:42,0
DA:43,0
DA:45,2
DA:46,1
DA:47,1
DA:49,0
DA:62,1
DA:64,1
DA:66,1
DA:67,3
DA:68,1
DA:69,1
DA:70,2
DA:71,1
DA:73,1
DA:74,1
DA:75,2
DA:76,4
DA:78,0
DA:81,2
DA:83,2
DA:84,1
DA:85,3
DA:87,1
DA:89,1
DA:90,1
DA:91,1
DA:97,1
DA:99,1
DA:100,4
DA:101,1
DA:102,1
DA:103,1
DA:107,1
DA:108,3
DA:110,1
DA:111,3
DA:112,0
DA:115,1
DA:116,1
DA:117,1
DA:118,3
DA:120,2
DA:126,4
DA:129,1
DA:130,1
DA:131,4
DA:133,1
DA:134,4
DA:136,1
DA:137,1
DA:139,1
DA:141,1
DA:142,5
DA:144,1
DA:145,1
DA:147,1
DA:149,3
DA:150,0
DA:151,0
DA:153,0
DA:155,0
DA:156,0
DA:157,0
DA:159,0
DA:160,0
DA:161,0
DA:164,0
DA:167,0
DA:168,0
DA:169,0
DA:171,0
DA:173,0
DA:174,0
DA:175,0
DA:177,0
DA:178,0
DA:181,0
DA:182,0
DA:188,0
DA:191,1
DA:192,1
DA:193,1
DA:195,1
DA:197,3
DA:198,1
DA:200,1
DA:201,1
DA:203,1
DA:204,3
DA:206,1
DA:207,1
DA:208,1
DA:209,1
DA:210,1
DA:212,1
DA:213,1
DA:214,1
DA:215,0
DA:217,0
DA:220,0
DA:221,0
DA:223,0
DA:227,1
DA:229,2
DA:230,2
DA:231,1
DA:233,0
DA:234,0
DA:236,1
DA:237,1
DA:238,1
DA:241,1
DA:244,1
DA:245,2
DA:246,2
DA:254,3
DA:257,0
DA:258,1
LF:135
LH:100
end_of_record
SF:lib/presentation/pages/tvshow/popular_tv_show_page.dart
DA:12,1
DA:13,1
DA:17,1
DA:19,1
DA:20,2
DA:21,2
DA:22,1
DA:25,1
DA:27,1
DA:28,1
DA:30,1
DA:32,1
DA:34,1
DA:35,1
DA:36,2
DA:37,1
DA:38,1
DA:40,2
DA:41,1
DA:42,1
DA:43,2
DA:45,1
DA:51,2
DA:54,1
DA:55,1
DA:56,2
LF:26
LH:26
end_of_record
SF:lib/presentation/pages/tvshow/watchlist_tv_show_page.dart
DA:11,1
DA:12,1
DA:16,1
DA:18,1
DA:19,2
DA:20,2
DA:21,1
DA:24,1
DA:26,1
DA:28,1
DA:29,1
DA:30,2
DA:31,1
DA:32,1
DA:34,2
DA:35,2
DA:36,1
DA:37,2
DA:40,1
DA:41,1
DA:42,2
DA:44,1
DA:50,2
DA:53,0
DA:54,0
DA:55,0
LF:26
LH:23
end_of_record
